\BOOKMARK [1][-]{section.1}{Introduction}{}% 1
\BOOKMARK [1][-]{section.2}{Goals}{}% 2
\BOOKMARK [1][-]{section.3}{Roles}{}% 3
\BOOKMARK [1][-]{section.4}{Timeline}{}% 4
\BOOKMARK [1][-]{section.5}{Critical Equipment}{}% 5
\BOOKMARK [1][-]{section.6}{Irradiation Procedure}{}% 6
\BOOKMARK [2][-]{subsection.6.1}{Long Run Procedure}{section.6}% 7
\BOOKMARK [1][-]{section.7}{Initial Research}{}% 8
\BOOKMARK [2][-]{subsection.7.1}{Spectra Analysis}{section.7}% 9
\BOOKMARK [2][-]{subsection.7.2}{Short Run Procedure}{section.7}% 10
\BOOKMARK [2][-]{subsection.7.3}{Detector Efficiency Curve}{section.7}% 11
\BOOKMARK [1][-]{section.8}{Data Analysis and Results}{}% 12
\BOOKMARK [2][-]{subsection.8.1}{Concentration Calculation}{section.8}% 13
\BOOKMARK [2][-]{subsection.8.2}{Kelp Sample Long Run Results}{section.8}% 14
\BOOKMARK [2][-]{subsection.8.3}{Kelp Sample Short Run Results}{section.8}% 15
\BOOKMARK [2][-]{subsection.8.4}{Fish Long Run Results}{section.8}% 16
\BOOKMARK [2][-]{subsection.8.5}{Seaweed Long Run Results}{section.8}% 17
\BOOKMARK [2][-]{subsection.8.6}{Seashell Long Run Results}{section.8}% 18
\BOOKMARK [1][-]{section.9}{Conclusion}{}% 19
\BOOKMARK [2][-]{subsection.9.1}{Isotope Identification}{section.9}% 20
\BOOKMARK [1][-]{section.10}{Future Work}{}% 21
\BOOKMARK [1][-]{section.11}{Next Steps}{}% 22
\BOOKMARK [1][-]{section.12}{Acknowledgements}{}% 23
